[    0.000000] Initializing cgroup subsys cpuset
[    0.000000] Initializing cgroup subsys cpu
[    0.000000] Initializing cgroup subsys cpuacct
[    0.000000] Linux version 4.4.0-210-generic (buildd@lgw01-amd64-009) (gcc version 5.4.0 20160609 (Ubuntu 5.4.0-6ubuntu1~16.04.12) ) #242-Ubuntu SMP Fri Apr 16 09:57:56 UTC 2021 (Ubuntu 4.4.0-210.242-generic 4.4.262)
[    0.000000] Command line: BOOT_IMAGE=/boot/vmlinuz-4.4.0-210-generic root=LABEL=cloudimg-rootfs ro console=tty1 console=ttyS0
[    0.000000] KERNEL supported cpus:
[    0.000000]   Intel GenuineIntel
[    0.000000]   AMD AuthenticAMD
[    0.000000]   Centaur CentaurHauls
[    0.000000] x86/fpu: xstate_offset[2]:  576, xstate_sizes[2]:  256
[    0.000000] x86/fpu: Supporting XSAVE feature 0x01: 'x87 floating point registers'
[    0.000000] x86/fpu: Supporting XSAVE feature 0x02: 'SSE registers'
[    0.000000] x86/fpu: Supporting XSAVE feature 0x04: 'AVX registers'
[    0.000000] x86/fpu: Enabled xstate features 0x7, context size is 832 bytes, using 'standard' format.
[    0.000000] e820: BIOS-provided physical RAM map:
[    0.000000] BIOS-e820: [mem 0x0000000000000000-0x000000000009fbff] usable
[    0.000000] BIOS-e820: [mem 0x000000000009fc00-0x000000000009ffff] reserved
[    0.000000] BIOS-e820: [mem 0x00000000000f0000-0x00000000000fffff] reserved
[    0.000000] BIOS-e820: [mem 0x0000000000100000-0x000000003ffeffff] usable
[    0.000000] BIOS-e820: [mem 0x000000003fff0000-0x000000003fffffff] ACPI data
[    0.000000] BIOS-e820: [mem 0x00000000fec00000-0x00000000fec00fff] reserved
[    0.000000] BIOS-e820: [mem 0x00000000fee00000-0x00000000fee00fff] reserved
[    0.000000] BIOS-e820: [mem 0x00000000fffc0000-0x00000000ffffffff] reserved
[    0.000000] NX (Execute Disable) protection: active
[    0.000000] SMBIOS 2.5 present.
[    0.000000] Hypervisor detected: KVM
[    0.000000] e820: last_pfn = 0x3fff0 max_arch_pfn = 0x400000000
[    0.000000] MTRR: Disabled
[    0.000000] x86/PAT: MTRRs disabled, skipping PAT initialization too.
[    0.000000] CPU MTRRs all blank - virtualized system.
[    0.000000] x86/PAT: Configuration [0-7]: WB  WT  UC- UC  WB  WT  UC- UC  
[    0.000000] found SMP MP-table at [mem 0x0009fff0-0x0009ffff] mapped at [ffff88000009fff0]
[    0.000000] Scanning 1 areas for low memory corruption
[    0.000000] RAMDISK: [mem 0x362dc000-0x37165fff]
[    0.000000] ACPI: Early table checksum verification disabled
[    0.000000] ACPI: RSDP 0x00000000000E0000 000024 (v02 VBOX  )
[    0.000000] ACPI: XSDT 0x000000003FFF0030 00003C (v01 VBOX   VBOXXSDT 00000001 ASL  00000061)
[    0.000000] ACPI: FACP 0x000000003FFF00F0 0000F4 (v04 VBOX   VBOXFACP 00000001 ASL  00000061)
[    0.000000] ACPI: DSDT 0x000000003FFF0470 002325 (v02 VBOX   VBOXBIOS 00000002 INTL 20100528)
[    0.000000] ACPI: FACS 0x000000003FFF0200 000040
[    0.000000] ACPI: FACS 0x000000003FFF0200 000040
[    0.000000] ACPI: APIC 0x000000003FFF0240 00005C (v02 VBOX   VBOXAPIC 00000001 ASL  00000061)
[    0.000000] ACPI: SSDT 0x000000003FFF02A0 0001CC (v01 VBOX   VBOXCPUT 00000002 INTL 20100528)
[    0.000000] No NUMA configuration found
[    0.000000] Faking a node at [mem 0x0000000000000000-0x000000003ffeffff]
[    0.000000] NODE_DATA(0) allocated [mem 0x3ffeb000-0x3ffeffff]
[    0.000000] kvm-clock: Using msrs 4b564d01 and 4b564d00
[    0.000000] kvm-clock: cpu 0, msr 0:3ffe3001, primary cpu clock
[    0.000000] kvm-clock: using sched offset of 4161481118 cycles
[    0.000000] clocksource: kvm-clock: mask: 0xffffffffffffffff max_cycles: 0x1cd42e4dffb, max_idle_ns: 881590591483 ns
[    0.000000] Zone ranges:
[    0.000000]   DMA      [mem 0x0000000000001000-0x0000000000ffffff]
[    0.000000]   DMA32    [mem 0x0000000001000000-0x000000003ffeffff]
[    0.000000]   Normal   empty
[    0.000000]   Device   empty
[    0.000000] Movable zone start for each node
[    0.000000] Early memory node ranges
[    0.000000]   node   0: [mem 0x0000000000001000-0x000000000009efff]
[    0.000000]   node   0: [mem 0x0000000000100000-0x000000003ffeffff]
[    0.000000] Initmem setup node 0 [mem 0x0000000000001000-0x000000003ffeffff]
[    0.000000] ACPI: PM-Timer IO Port: 0x4008
[    0.000000] IOAPIC[0]: apic_id 2, version 32, address 0xfec00000, GSI 0-23
[    0.000000] ACPI: INT_SRC_OVR (bus 0 bus_irq 0 global_irq 2 dfl dfl)
[    0.000000] ACPI: INT_SRC_OVR (bus 0 bus_irq 9 global_irq 9 low level)
[    0.000000] Using ACPI (MADT) for SMP configuration information
[    0.000000] smpboot: Allowing 2 CPUs, 0 hotplug CPUs
[    0.000000] PM: Registered nosave memory: [mem 0x00000000-0x00000fff]
[    0.000000] PM: Registered nosave memory: [mem 0x0009f000-0x0009ffff]
[    0.000000] PM: Registered nosave memory: [mem 0x000a0000-0x000effff]
[    0.000000] PM: Registered nosave memory: [mem 0x000f0000-0x000fffff]
[    0.000000] e820: [mem 0x40000000-0xfebfffff] available for PCI devices
[    0.000000] Booting paravirtualized kernel on KVM
[    0.000000] clocksource: refined-jiffies: mask: 0xffffffff max_cycles: 0xffffffff, max_idle_ns: 7645519600211568 ns
[    0.000000] setup_percpu: NR_CPUS:512 nr_cpumask_bits:512 nr_cpu_ids:2 nr_node_ids:1
[    0.000000] PERCPU: Embedded 33 pages/cpu @ffff88003fc00000 s95192 r8192 d31784 u1048576
[    0.000000] Built 1 zonelists in Node order, mobility grouping on.  Total pages: 257912
[    0.000000] Policy zone: DMA32
[    0.000000] Kernel command line: BOOT_IMAGE=/boot/vmlinuz-4.4.0-210-generic root=LABEL=cloudimg-rootfs ro console=tty1 console=ttyS0
[    0.000000] PID hash table entries: 4096 (order: 3, 32768 bytes)
[    0.000000] Memory: 997792K/1048120K available (8644K kernel code, 1332K rwdata, 4044K rodata, 1492K init, 1164K bss, 50328K reserved, 0K cma-reserved)
[    0.000000] SLUB: HWalign=64, Order=0-3, MinObjects=0, CPUs=2, Nodes=1
[    0.000000] Kernel/User page tables isolation: enabled
[    0.000000] Hierarchical RCU implementation.
[    0.000000] 	Build-time adjustment of leaf fanout to 64.
[    0.000000] 	RCU restricting CPUs from NR_CPUS=512 to nr_cpu_ids=2.
[    0.000000] RCU: Adjusting geometry for rcu_fanout_leaf=64, nr_cpu_ids=2
[    0.000000] NR_IRQS:33024 nr_irqs:440 16
[    0.000000] Console: colour VGA+ 80x25
[    0.000000] console [tty1] enabled
[    0.000000] console [ttyS0] enabled
[    0.000000] tsc: Detected 2394.456 MHz processor
[    0.273852] Calibrating delay loop (skipped) preset value.. 4788.91 BogoMIPS (lpj=9577824)
[    0.276126] pid_max: default: 32768 minimum: 301
[    0.277735] ACPI: Core revision 20150930
[    0.279837] ACPI: 2 ACPI AML tables successfully acquired and loaded
[    0.281658] Security Framework initialized
[    0.282823] Yama: becoming mindful.
[    0.283795] AppArmor: AppArmor initialized
[    0.285142] Dentry cache hash table entries: 131072 (order: 8, 1048576 bytes)
[    0.292772] Inode-cache hash table entries: 65536 (order: 7, 524288 bytes)
[    0.294937] Mount-cache hash table entries: 2048 (order: 2, 16384 bytes)
[    0.296669] Mountpoint-cache hash table entries: 2048 (order: 2, 16384 bytes)
[    0.298833] Initializing cgroup subsys io
[    0.299920] Initializing cgroup subsys memory
[    0.301083] Initializing cgroup subsys devices
[    0.302415] Initializing cgroup subsys freezer
[    0.303623] Initializing cgroup subsys net_cls
[    0.304905] Initializing cgroup subsys perf_event
[    0.306205] Initializing cgroup subsys net_prio
[    0.307989] Initializing cgroup subsys hugetlb
[    0.309314] Initializing cgroup subsys pids
[    0.311757] mce: CPU supports 0 MCE banks
[    0.312915] Last level iTLB entries: 4KB 1024, 2MB 1024, 4MB 1024
[    0.314607] Last level dTLB entries: 4KB 1024, 2MB 1024, 4MB 1024, 1GB 4
[    0.316176] Spectre V1 : Mitigation: usercopy/swapgs barriers and __user pointer sanitization
[    0.318500] Spectre V2 : Mitigation: Full generic retpoline
[    0.319827] Spectre V2 : Spectre v2 / SpectreRSB mitigation: Filling RSB on context switch
[    0.322113] Speculative Store Bypass: Vulnerable
[    0.323427] SRBDS: Unknown: Dependent on hypervisor status
[    0.324930] MDS: Mitigation: Clear CPU buffers
[    0.330892] Freeing SMP alternatives memory: 36K
[    0.340600] ftrace: allocating 32380 entries in 127 pages
[    0.434249] smpboot: APIC(0) Converting physical 0 to logical package 0
[    0.437193] smpboot: Max logical packages: 1
[    0.439401] x2apic enabled
[    0.441151] Switched APIC routing to physical x2apic.
[    0.444748] ..TIMER: vector=0x30 apic1=0 pin1=2 apic2=-1 pin2=-1
[    0.555230] smpboot: CPU0: Intel(R) Core(TM) i5-4210U CPU @ 1.70GHz (family: 0x6, model: 0x45, stepping: 0x1)
[    0.558048] Performance Events: unsupported p6 CPU model 69 no PMU driver, software events only.
[    0.576317] KVM setup paravirtual spinlock
[    0.578944] x86: Booting SMP configuration:
[    0.580316] .... node  #0, CPUs:      #1
[    0.581653] kvm-clock: cpu 1, msr 0:3ffe3041, secondary cpu clock
[    0.584259] mce: CPU supports 0 MCE banks
[    0.587269] x86: Booted up 1 node, 2 CPUs
[    0.588944] smpboot: Total of 2 processors activated (9577.82 BogoMIPS)
[    0.591088] devtmpfs: initialized
[    0.593593] evm: security.selinux
[    0.594674] evm: security.SMACK64
[    0.596580] evm: security.SMACK64EXEC
[    0.597825] evm: security.SMACK64TRANSMUTE
[    0.598906] evm: security.SMACK64MMAP
[    0.599955] evm: security.ima
[    0.600896] evm: security.capability
[    0.604359] clocksource: jiffies: mask: 0xffffffff max_cycles: 0xffffffff, max_idle_ns: 7645041785100000 ns
[    0.608971] futex hash table entries: 512 (order: 3, 32768 bytes)
[    0.612423] pinctrl core: initialized pinctrl subsystem
[    0.614800] RTC time:  9:14:06, date: 10/18/22
[    0.617334] NET: Registered protocol family 16
[    0.632988] cpuidle: using governor ladder
[    0.649249] cpuidle: using governor menu
[    0.651673] PCCT header not found.
[    0.653849] ACPI: bus type PCI registered
[    0.656150] acpiphp: ACPI Hot Plug PCI Controller Driver version: 0.5
[    0.659882] PCI: Using configuration type 1 for base access
[    0.675693] ACPI: Added _OSI(Module Device)
[    0.677876] ACPI: Added _OSI(Processor Device)
[    0.679899] ACPI: Added _OSI(3.0 _SCP Extensions)
[    0.682012] ACPI: Added _OSI(Processor Aggregator Device)
[    0.685232] ACPI: Executed 1 blocks of module-level executable AML code
[    0.693260] ACPI: Interpreter enabled
[    0.694927] ACPI: (supports S0 S5)
[    0.696546] ACPI: Using IOAPIC for interrupt routing
[    0.698823] PCI: Using host bridge windows from ACPI; if necessary, use "pci=nocrs" and report a bug
[    0.714623] ACPI: PCI Root Bridge [PCI0] (domain 0000 [bus 00-ff])
[    0.717268] acpi PNP0A03:00: _OSC: OS supports [ASPM ClockPM Segments MSI]
[    0.720482] acpi PNP0A03:00: _OSC: not requesting OS control; OS requires [ExtendedConfig ASPM ClockPM MSI]
[    0.724590] acpi PNP0A03:00: fail to add MMCONFIG information, can't access extended PCI configuration space under this bridge.
[    0.732445] PCI host bridge to bus 0000:00
[    0.734429] pci_bus 0000:00: root bus resource [io  0x0000-0x0cf7 window]
[    0.737707] pci_bus 0000:00: root bus resource [io  0x0d00-0xffff window]
[    0.741569] pci_bus 0000:00: root bus resource [mem 0x000a0000-0x000bffff window]
[    0.745330] pci_bus 0000:00: root bus resource [mem 0x40000000-0xfdffffff window]
[    0.753288] pci_bus 0000:00: root bus resource [bus 00-ff]
[    0.761851] pci 0000:00:01.1: legacy IDE quirk: reg 0x10: [io  0x01f0-0x01f7]
[    0.765139] pci 0000:00:01.1: legacy IDE quirk: reg 0x14: [io  0x03f6]
[    0.772147] pci 0000:00:01.1: legacy IDE quirk: reg 0x18: [io  0x0170-0x0177]
[    0.805951] pci 0000:00:01.1: legacy IDE quirk: reg 0x1c: [io  0x0376]
[    0.845874] pci 0000:00:07.0: quirk: [io  0x4000-0x403f] claimed by PIIX4 ACPI
[    0.855261] pci 0000:00:07.0: quirk: [io  0x4100-0x410f] claimed by PIIX4 SMB
[    0.873111] ACPI: PCI Interrupt Link [LNKA] (IRQs 5 9 10 *11)
[    0.878164] ACPI: PCI Interrupt Link [LNKB] (IRQs 5 9 *10 11)
[    0.881290] ACPI: PCI Interrupt Link [LNKC] (IRQs 5 *9 10 11)
[    0.885270] ACPI: PCI Interrupt Link [LNKD] (IRQs 5 9 10 *11)
[    0.889674] ACPI: Enabled 2 GPEs in block 00 to 07
[    0.892916] vgaarb: setting as boot device: PCI:0000:00:02.0
[    0.896428] vgaarb: device added: PCI:0000:00:02.0,decodes=io+mem,owns=io+mem,locks=none
[    0.901224] vgaarb: loaded
[    0.902871] vgaarb: bridge control possible 0000:00:02.0
[    0.905149] SCSI subsystem initialized
[    0.907674] ACPI: bus type USB registered
[    0.909713] usbcore: registered new interface driver usbfs
[    0.912765] usbcore: registered new interface driver hub
[    0.915259] usbcore: registered new device driver usb
[    0.923487] PCI: Using ACPI for IRQ routing
[    0.926283] NetLabel: Initializing
[    0.929427] NetLabel:  domain hash size = 128
[    0.932001] NetLabel:  protocols = UNLABELED CIPSOv4
[    0.934997] NetLabel:  unlabeled traffic allowed by default
[    0.937764] amd_nb: Cannot enumerate AMD northbridges
[    0.940002] clocksource: Switched to clocksource kvm-clock
[    0.967086] AppArmor: AppArmor Filesystem Enabled
[    0.971522] pnp: PnP ACPI init
[    0.974971] pnp: PnP ACPI: found 3 devices
[    0.991666] clocksource: acpi_pm: mask: 0xffffff max_cycles: 0xffffff, max_idle_ns: 2085701024 ns
[    0.995834] NET: Registered protocol family 2
[    0.997926] TCP established hash table entries: 8192 (order: 4, 65536 bytes)
[    1.001076] TCP bind hash table entries: 8192 (order: 5, 131072 bytes)
[    1.004318] TCP: Hash tables configured (established 8192 bind 8192)
[    1.012116] UDP hash table entries: 512 (order: 2, 16384 bytes)
[    1.017012] UDP-Lite hash table entries: 512 (order: 2, 16384 bytes)
[    1.021256] NET: Registered protocol family 1
[    1.024972] pci 0000:00:00.0: Limiting direct PCI/PCI transfers
[    1.029639] pci 0000:00:01.0: Activating ISA DMA hang workarounds
[    1.033677] Unpacking initramfs...
[    1.454975] Freeing initrd memory: 14888K
[    1.456568] RAPL PMU detected, API unit is 2^-32 Joules, 4 fixed counters 10737418240 ms ovfl timer
[    1.460071] hw unit of domain pp0-core 2^-0 Joules
[    1.462773] hw unit of domain package 2^-0 Joules
[    1.464629] hw unit of domain dram 2^-0 Joules
[    1.466201] hw unit of domain pp1-gpu 2^-0 Joules
[    1.468738] clocksource: tsc: mask: 0xffffffffffffffff max_cycles: 0x2283c236f90, max_idle_ns: 440795217409 ns
[    1.472117] platform rtc_cmos: registered platform RTC device (no PNP device found)
[    1.475425] Scanning for low memory corruption every 60 seconds
[    1.478824] audit: initializing netlink subsys (disabled)
[    1.481177] audit: type=2000 audit(1666084452.496:1): initialized
[    1.484157] Initialise system trusted keyring
[    1.485645] HugeTLB registered 2 MB page size, pre-allocated 0 pages
[    1.490100] zbud: loaded
[    1.492221] VFS: Disk quotas dquot_6.6.0
[    1.493560] VFS: Dquot-cache hash table entries: 512 (order 0, 4096 bytes)
[    1.496238] squashfs: version 4.0 (2009/01/31) Phillip Lougher
[    1.498609] fuse init (API version 7.23)
[    1.500001] Key type big_key registered
[    1.501326] Allocating IMA MOK and blacklist keyrings.
[    1.504862] Key type asymmetric registered
[    1.506154] Asymmetric key parser 'x509' registered
[    1.508948] Block layer SCSI generic (bsg) driver version 0.4 loaded (major 249)
[    1.511646] io scheduler noop registered
[    1.513099] io scheduler deadline registered (default)
[    1.514800] io scheduler cfq registered
[    1.516157] pci_hotplug: PCI Hot Plug PCI Core version: 0.5
[    1.517924] pciehp: PCI Express Hot Plug Controller Driver version: 0.4
[    1.520681] ACPI: AC Adapter [AC] (on-line)
[    1.522695] input: Power Button as /devices/LNXSYSTM:00/LNXPWRBN:00/input/input0
[    1.525506] ACPI: Power Button [PWRF]
[    1.527186] input: Sleep Button as /devices/LNXSYSTM:00/LNXSLPBN:00/input/input1
[    1.530657] ACPI: Sleep Button [SLPF]
[    1.533362] ACPI: Battery Slot [BAT0] (battery present)
[    1.534884] GHES: HEST is not enabled!
[    1.536199] Serial: 8250/16550 driver, 32 ports, IRQ sharing enabled
[    1.560636] 00:02: ttyS0 at I/O 0x3f8 (irq = 4, base_baud = 115200) is a 16550A
[    1.566801] Linux agpgart interface v0.103
[    1.571707] loop: module loaded
[    1.574214] scsi host0: ata_piix
[    1.575540] scsi host1: ata_piix
[    1.577145] ata1: PATA max UDMA/33 cmd 0x1f0 ctl 0x3f6 bmdma 0xd000 irq 14
[    1.579216] ata2: PATA max UDMA/33 cmd 0x170 ctl 0x376 bmdma 0xd008 irq 15
[    1.581976] libphy: Fixed MDIO Bus: probed
[    1.583762] tun: Universal TUN/TAP device driver, 1.6
[    1.585790] tun: (C) 1999-2004 Max Krasnyansky <maxk@qualcomm.com>
[    1.588547] PPP generic driver version 2.4.2
[    1.590604] ehci_hcd: USB 2.0 'Enhanced' Host Controller (EHCI) Driver
[    1.593634] ehci-pci: EHCI PCI platform driver
[    1.595707] ehci-platform: EHCI generic platform driver
[    1.597694] ohci_hcd: USB 1.1 'Open' Host Controller (OHCI) Driver
[    1.599526] ohci-pci: OHCI PCI platform driver
[    1.601099] ohci-platform: OHCI generic platform driver
[    1.603147] uhci_hcd: USB Universal Host Controller Interface driver
[    1.605829] i8042: PNP: PS/2 Controller [PNP0303:PS2K,PNP0f03:PS2M] at 0x60,0x64 irq 1,12
[    1.609663] serio: i8042 KBD port at 0x60,0x64 irq 1
[    1.611149] serio: i8042 AUX port at 0x60,0x64 irq 12
[    1.613031] mousedev: PS/2 mouse device common for all mice
[    1.615973] input: AT Translated Set 2 keyboard as /devices/platform/i8042/serio0/input/input2
[    1.619410] rtc_cmos rtc_cmos: rtc core: registered rtc_cmos as rtc0
[    1.622100] rtc_cmos rtc_cmos: alarms up to one day, 114 bytes nvram
[    1.624960] i2c /dev entries driver
[    1.627825] device-mapper: uevent: version 1.0.3
[    1.630200] device-mapper: ioctl: 4.34.0-ioctl (2015-10-28) initialised: dm-devel@redhat.com
[    1.633886] ledtrig-cpu: registered to indicate activity on CPUs
[    1.638318] NET: Registered protocol family 10
[    1.642545] NET: Registered protocol family 17
[    1.645725] Key type dns_resolver registered
[    1.649104] registered taskstats version 1
[    1.650918] Loading compiled-in X.509 certificates
[    1.655089] Loaded X.509 cert 'Build time autogenerated kernel key: cf00e047681d67edb2720680708b7d9498083038'
[    1.659646] zswap: loaded using pool lzo/zbud
[    1.665817] Key type trusted registered
[    1.676005] Key type encrypted registered
[    1.678627] AppArmor: AppArmor sha1 policy hashing enabled
[    1.680882] ima: No TPM chip found, activating TPM-bypass!
[    1.684454] ima: Allocated hash algorithm: sha1
[    1.686307] evm: HMAC attrs: 0x1
[    1.688715]   Magic number: 10:498:222
[    1.691789] rtc_cmos rtc_cmos: setting system clock to 2022-10-18 09:14:07 UTC (1666084447)
[    1.696440] BIOS EDD facility v0.16 2004-Jun-25, 0 devices found
[    1.699618] EDD information not available.
[    1.764218] Freeing unused kernel memory: 1492K
[    1.765443] Write protecting the kernel read-only data: 14336k
[    1.768605] Freeing unused kernel memory: 1584K
[    1.769979] Freeing unused kernel memory: 52K
Loading, please wait...
starting version 229
[    1.793033] random: systemd-udevd: uninitialized urandom read (16 bytes read, 2 bits of entropy available)
[    1.794742] random: udevadm: uninitialized urandom read (16 bytes read, 2 bits of entropy available)
[    1.794781] random: udevadm: uninitialized urandom read (16 bytes read, 2 bits of entropy available)
[    1.811203] random: systemd-udevd: uninitialized urandom read (16 bytes read, 2 bits of entropy available)
[    1.817450] random: systemd-udevd: uninitialized urandom read (16 bytes read, 2 bits of entropy available)
[    1.822214] random: udevadm: uninitialized urandom read (16 bytes read, 2 bits of entropy available)
[    1.822302] random: udevadm: uninitialized urandom read (16 bytes read, 2 bits of entropy available)
[    1.822601] random: udevadm: uninitialized urandom read (16 bytes read, 2 bits of entropy available)
[    1.822699] random: udevadm: uninitialized urandom read (16 bytes read, 2 bits of entropy available)
[    1.822797] random: udevadm: uninitialized urandom read (16 bytes read, 2 bits of entropy available)
[    1.940711] Fusion MPT base driver 3.04.20
[    1.943820] Copyright (c) 1999-2008 LSI Corporation
[    1.953394] e1000: Intel(R) PRO/1000 Network Driver - version 7.3.21-k8-NAPI
[    1.958876] e1000: Copyright (c) 1999-2006 Intel Corporation.
[    1.986065] Fusion MPT SPI Host driver 3.04.20
[    2.045917] AVX2 version of gcm_enc/dec engaged.
[    2.048504] AES CTR mode by8 optimization enabled
[    2.167365] input: ImExPS/2 Generic Explorer Mouse as /devices/platform/i8042/serio1/input/input4
[    2.762539] e1000 0000:00:03.0 eth0: (PCI:33MHz:32-bit) 02:be:82:6b:cc:1d
[    2.765960] e1000 0000:00:03.0 eth0: Intel(R) PRO/1000 Network Connection
[    2.797956] mptbase: ioc0: Initiating bringup
[    2.799407] e1000 0000:00:03.0 enp0s3: renamed from eth0
[    3.474150] ioc0: LSI53C1030 A0: Capabilities={Initiator}
[    4.844747] scsi host2: ioc0: LSI53C1030 A0, FwRev=00000000h, Ports=1, MaxQ=256, IRQ=20
[    5.949715] scsi 2:0:0:0: Direct-Access     VBOX     HARDDISK         1.0  PQ: 0 ANSI: 5
[    5.953850] scsi target2:0:0: Beginning Domain Validation
[    5.957470] scsi target2:0:0: Domain Validation skipping write tests
[    5.959539] scsi target2:0:0: Ending Domain Validation
[    5.975377] scsi target2:0:0: asynchronous
[    5.978972] scsi 2:0:1:0: Direct-Access     VBOX     HARDDISK         1.0  PQ: 0 ANSI: 5
[    5.981316] scsi target2:0:1: Beginning Domain Validation
[    5.984960] scsi target2:0:1: Domain Validation skipping write tests
[    5.986989] scsi target2:0:1: Ending Domain Validation
[    5.989163] scsi target2:0:1: asynchronous
[    5.998408] sd 2:0:0:0: Attached scsi generic sg0 type 0
[    6.000241] sd 2:0:0:0: [sda] 83886080 512-byte logical blocks: (42.9 GB/40.0 GiB)
[    6.000685] sd 2:0:1:0: [sdb] 20480 512-byte logical blocks: (10.5 MB/10.0 MiB)
[    6.000844] sd 2:0:1:0: [sdb] Write Protect is off
[    6.000944] sd 2:0:1:0: [sdb] Incomplete mode parameter data
[    6.000945] sd 2:0:1:0: [sdb] Assuming drive cache: write through
[    6.007539] sd 2:0:1:0: [sdb] Attached SCSI disk
[    6.008256] sd 2:0:1:0: Attached scsi generic sg1 type 0
[    6.015753] sd 2:0:0:0: [sda] Write Protect is off
[    6.017538] sd 2:0:0:0: [sda] Incomplete mode parameter data
[    6.019469] sd 2:0:0:0: [sda] Assuming drive cache: write through
[    6.023494]  sda: sda1
[    6.025648] sd 2:0:0:0: [sda] Attached SCSI disk
Begin: Loading essential drivers ... [    7.736368] md: linear personality registered for level -1
[    7.743009] md: multipath personality registered for level -4
[    7.748792] md: raid0 personality registered for level 0
[    7.755154] md: raid1 personality registered for level 1
[    7.831367] raid6: sse2x1   gen()  4928 MB/s
[    7.900046] raid6: sse2x1   xor()  4577 MB/s
[    7.968090] raid6: sse2x2   gen()  6024 MB/s
[    8.036067] raid6: sse2x2   xor()  5637 MB/s
[    8.104083] raid6: sse2x4   gen()  6626 MB/s
[    8.172094] raid6: sse2x4   xor()  3958 MB/s
[    8.240114] raid6: avx2x1   gen()  7909 MB/s
[    8.308256] raid6: avx2x2   gen() 11033 MB/s
[    8.376096] raid6: avx2x4   gen() 15285 MB/s
[    8.377548] raid6: using algorithm avx2x4 gen() 15285 MB/s
[    8.379449] raid6: using avx2x2 recovery algorithm
[    8.382637] xor: automatically using best checksumming function:
[    8.420028]    avx       : 18626.000 MB/sec
[    8.423303] async_tx: api initialized (async)
[    8.443138] md: raid6 personality registered for level 6
[    8.444963] md: raid5 personality registered for level 5
[    8.446266] md: raid4 personality registered for level 4
[    8.461005] md: raid10 personality registered for level 10
done.
Begin: Running /scripts/init-premount ... done.
Begin: Mounting root file system ... Begin: Running /scripts/local-top ... done.
Begin: Running /scripts/local-premount ... [    8.519713] Btrfs loaded
Scanning for Btrfs filesystems
done.
Warning: fsck not present, so skipping root file system
[    8.561799] EXT4-fs (sda1): mounted filesystem with ordered data mode. Opts: (null)
done.
Begin: Running /scripts/local-bottom ... done.
Begin: Running /scripts/init-bottom ... done.
[    8.707956] systemd[1]: systemd 229 running in system mode. (+PAM +AUDIT +SELINUX +IMA +APPARMOR +SMACK +SYSVINIT +UTMP +LIBCRYPTSETUP +GCRYPT +GNUTLS +ACL +XZ -LZ4 +SECCOMP +BLKID +ELFUTILS +KMOD -IDN)
[    8.713039] systemd[1]: Detected virtualization oracle.
[    8.714527] systemd[1]: Detected architecture x86-64.

Welcome to [1mUbuntu 16.04.7 LTS[0m!

[    8.719090] systemd[1]: Set hostname to <ubuntu>.
[    8.722619] systemd[1]: Initializing machine ID from random generator.
[    8.725562] systemd[1]: Installed transient /etc/machine-id file.
[    8.940597] systemd[1]: Listening on Device-mapper event daemon FIFOs.
[[0;32m  OK  [0m] Listening on Device-mapper event daemon FIFOs.
[    8.944149] systemd[1]: Listening on Syslog Socket.
[[0;32m  OK  [0m] Listening on Syslog Socket.
[    8.946619] systemd[1]: Listening on Journal Audit Socket.
[[0;32m  OK  [0m] Listening on Journal Audit Socket.
[    8.950477] systemd[1]: Created slice User and Session Slice.
[[0;32m  OK  [0m] Created slice User and Session Slice.
[    8.954701] systemd[1]: Created slice System Slice.
[[0;32m  OK  [0m] Created slice System Slice.
[    8.965570] systemd[1]: Created slice system-serial\x2dgetty.slice.
[[0;32m  OK  [0m] Created slice system-serial\x2dgetty.slice.
[    8.969777] systemd[1]: Started Forward Password Requests to Wall Directory Watch.
[[0;32m  OK  [0m] Started Forward Password Requests to Wall Directory Watch.
[    8.973666] systemd[1]: Listening on LVM2 poll daemon socket.
[[0;32m  OK  [0m] Listening on LVM2 poll daemon socket.
[    8.976862] systemd[1]: Reached target System Time Synchronized.
[[0;32m  OK  [0m] Reached target System Time Synchronized.
[    8.980290] systemd[1]: Listening on udev Control Socket.
[[0;32m  OK  [0m] Listening on udev Control Socket.
[    8.988490] systemd[1]: Set up automount Arbitrary Executable File Formats File System Automount Point.
[[0;32m  OK  [0m] Set up automount Arbitrary Executab...ats File System Automount Point.
[    8.992770] systemd[1]: Started Trigger resolvconf update for networkd DNS.
[[0;32m  OK  [0m] Started Trigger resolvconf update for networkd DNS.
[    9.005019] systemd[1]: Listening on /dev/initctl Compatibility Named Pipe.
[[0;32m  OK  [0m] Listening on /dev/initctl Compatibility Named Pipe.
[    9.010269] systemd[1]: Reached target Swap.
[[0;32m  OK  [0m] Reached target Swap.
[    9.013782] systemd[1]: Reached target Encrypted Volumes.
[[0;32m  OK  [0m] Reached target Encrypted Volumes.
[    9.016618] systemd[1]: Listening on Journal Socket (/dev/log).
[[0;32m  OK  [0m] Listening on Journal Socket (/dev/log).
[    9.020600] systemd[1]: Reached target Slices.
[[0;32m  OK  [0m] Reached target Slices.
[    9.023784] systemd[1]: Reached target User and Group Name Lookups.
[[0;32m  OK  [0m] Reached target User and Group Name Lookups.
[    9.037135] systemd[1]: Listening on LVM2 metadata daemon socket.
[[0;32m  OK  [0m] Listening on LVM2 metadata daemon socket.
[    9.040833] systemd[1]: Listening on udev Kernel Socket.
[[0;32m  OK  [0m] Listening on udev Kernel Socket.
[    9.044883] systemd[1]: Listening on fsck to fsckd communication Socket.
[[0;32m  OK  [0m] Listening on fsck to fsckd communication Socket.
[    9.049346] systemd[1]: Listening on Journal Socket.
[[0;32m  OK  [0m] Listening on Journal Socket.
[    9.064463] systemd[1]: Mounting Huge Pages File System...
         Mounting Huge Pages File System...
[    9.070512] systemd[1]: Mounting POSIX Message Queue File System...
         Mounting POSIX Message Queue File System...
[    9.076393] systemd[1]: Starting Nameserver information manager...
         Starting Nameserver information manager...
[    9.082186] systemd[1]: Starting File System Check on Root Device...
         Starting File System Check on Root Device...
[    9.088768] systemd[1]: Starting Create list of required static device nodes for the current kernel...
         Starting Create list of required st... nodes for the current kernel...
[    9.095760] systemd[1]: Mounting Debug File System...
         Mounting Debug File System...
[    9.104352] systemd[1]: Starting Set console keymap...
         Starting Set console keymap...
[    9.110943] systemd[1]: Starting Uncomplicated firewall...
         Starting Uncomplicated firewall...
[    9.118183] systemd[1]: Starting Journal Service...
         Starting Journal Service...
[    9.125293] systemd[1]: Starting Load Kernel Modules...
         Starting Load Kernel Modules...
[    9.133781] systemd[1]: Starting Monitoring of LVM2 mirrors, snapshots etc. using dmeventd or progress polling...
         Starting Monitoring of LVM2 mirrors... dmeventd or progress polling...
[    9.153712] systemd[1]: Mounted Huge Pages File System.
[[0;32m  OK  [0m] Mounted Huge Pages File System.
[    9.159034] systemd[1]: Mounted POSIX Message Queue File System.
[[0;32m  OK  [0m] Mounted POSIX Message Queue File System.
[    9.168384] systemd[1]: Mounted Debug File System.
[[0;32m  OK  [0m] Mounted Debug File System.
[    9.174968] Loading iSCSI transport class v2.0-870.
[    9.193413] systemd[1]: Started File System Check on Root Device.
[[0;32m  OK  [0m] Started File System Check on Root Device.
[    9.203735] systemd[1]: Started Create list of required static device nodes for the current kernel.
[[0;32m  OK  [0m] Started Create list of required sta...ce nodes for the current kernel.
[    9.214605] systemd[1]: Started Uncomplicated firewall.

    9.216804] iscsi: registered transport (tcp)
[[0;32m  OK  [0m] Started Uncomplicated firewall.
[    9.219942] systemd[1]: Started Nameserver information manager.
[[0;32m  OK  [0m] Started Nameserver information manager.
[    9.229640] systemd[1]: Started Journal Service.
[[0;32m  OK  [0m] Started Journal Service.
[[0;32m  OK  [0m] Started LVM2 metadata daemon.
[[0;32m  OK  [0m] Started File System Check Daemon to report status.
         Starting Create Static Device Nodes in /dev...
         Starting Remount Root and Kernel File Systems...
[    9.275262] EXT4-fs (sda1): re-mounted. Opts: (null)
[[0;32m  OK  [0m] Started Remount Root and Kernel File Systems.
         Starting Load/Save Random Seed...
[    9.302453] iscsi: registered transport (iser)
         Starting Flush Journal to Persistent Storage...
         Starting udev Coldplug all Devices...
[[0;32m  OK  [0m] Started Set console keymap.
[[0;32m  OK  [0m] Started Load Kernel Modules.
[[0;32m  OK  [0m] Started Create Static Device Nodes in /dev.
[[0;32m  OK  [0m] Started Load/Save Random Seed.
         Starting udev Kernel Device Manager...
         Mounting FUSE Control File System...
         Starting Apply Kernel Variables...
[[0;32m  OK  [0m] Mounted FUSE Control File System.
[    9.384253] systemd-journald[393]: Received request to flush runtime journal from PID 1
[[0;32m  OK  [0m] Started Apply Kernel Variables.
[[0;32m  OK  [0m] Started Flush Journal to Persistent Storage.
[[0;32m  OK  [0m] Started udev Kernel Device Manager.
[[0;32m  OK  [0m] Started udev Coldplug all Devices.
[[0;32m  OK  [0m] Started Dispatch Password Requests to Console Directory Watch.
[[0;32m  OK  [0m] Started Monitoring of LVM2 mirrors,...ng dmeventd or progress polling.
[[0;32m  OK  [0m] Reached target Local File Systems (Pre).
[[0;32m  OK  [0m] Reached target Local File Systems.
         Starting Tell Plymouth To Write Out Runtime Data...
         Starting Commit a transient machine-id on disk...
         Starting LSB: AppArmor initialization...
         Starting Initial cloud-init job (pre-networking)...
         Starting Create Volatile Files and Directories...
         Starting Set console font and keymap...
[[0;32m  OK  [0m] Started Tell Plymouth To Write Out Runtime Data.
[[0;32m  OK  [0m] Started Commit a transient machine-id on disk.
[[0;32m  OK  [0m] Started Create Volatile Files and Directories.
         Starting Update UTMP about System Boot/Shutdown...
[[0;32m  OK  [0m] Started Update UTMP about System Boot/Shutdown.
[[0;32m  OK  [0m] Found device /dev/ttyS0.
[[0;32m  OK  [0m] Listening on Load/Save RF Kill Switch Status /dev/rfkill Watch.
[   12.134503] cloud-init[494]: Cloud-init v. 21.1-19-gbad84ad4-0ubuntu1~16.04.2 running 'init-local' at Tue, 18 Oct 2022 09:14:17 +0000. Up 11.27 seconds.
[[0;32m  OK  [0m] Started LSB: AppArmor initialization.
         Starting Load AppArmor profiles managed internally by snapd...
[[0;32m  OK  [0m] Started Initial cloud-init job (pre-networking).
[[0;32m  OK  [0m] Reached target Network (Pre).
         Starting Raise network interfaces...
[[0;32m  OK  [0m] Started Set console font and keymap.
[[0;32m  OK  [0m] Started Load AppArmor profiles managed internally by snapd.
[[0;32m  OK  [0m] Created slice system-getty.slice.
[[0;32m  OK  [0m] Started Raise network interfaces.
         Starting Initial cloud-init job (metadata service crawler)...
[[0;32m  OK  [0m] Reached target Network.
[   14.517112] cloud-init[949]: Cloud-init v. 21.1-19-gbad84ad4-0ubuntu1~16.04.2 running 'init' at Tue, 18 Oct 2022 09:14:19 +0000. Up 13.40 seconds.
[   14.520961] cloud-init[949]: ci-info: ++++++++++++++++++++++++++++++++++++++Net device info++++++++++++++++++++++++++++++++++++++
[   14.523813] cloud-init[949]: ci-info: +--------+------+----------------------------+---------------+--------+-------------------+
[   14.527557] cloud-init[949]: ci-info: | Device |  Up  |          Address           |      Mask     | Scope  |     Hw-Address    |
[   14.540729] cloud-init[949]: ci-info: +--------+------+----------------------------+---------------+--------+-------------------+
[   14.544449] cloud-init[949]: ci-info: | enp0s3 | True |         10.0.2.15          | 255.255.255.0 | global | 02:be:82:6b:cc:1d |
[   14.552789] cloud-init[949]: ci-info: | enp0s3 | True | fe80::be:82ff:fe6b:cc1d/64 |       .       |  link  | 02:be:82:6b:cc:1d |
[   14.568775] cloud-init[949]: ci-info: |   lo   | True |         127.0.0.1          |   255.0.0.0   |  host  |         .         |
[   14.572665] cloud-init[949]: ci-info: |   lo   | True |          ::1/128           |       .       |  host  |         .         |
[   14.576717] cloud-init[949]: ci-info: +--------+------+----------------------------+---------------+--------+-------------------+
[   14.584876] cloud-init[949]: ci-info: +++++++++++++++++++++++++++Route IPv4 info++++++++++++++++++++++++++++
[   14.592459] cloud-init[949]: ci-info: +-------+-------------+----------+---------------+-----------+-------+
[   14.599824] cloud-init[949]: ci-info: | Route | Destination | Gateway  |    Genmask    | Interface | Flags |
[   14.607719] cloud-init[949]: ci-info: +-------+-------------+----------+---------------+-----------+-------+
[   14.617661] cloud-init[949]: ci-info: |   0   |   0.0.0.0   | 10.0.2.2 |    0.0.0.0    |   enp0s3  |   UG  |
[   14.620984] cloud-init[949]: ci-info: |   1   |   10.0.2.0  | 0.0.0.0  | 255.255.255.0 |   enp0s3  |   U   |
[   14.624820] cloud-init[949]: ci-info: +-------+-------------+----------+---------------+-----------+-------+
[   14.636767] cloud-init[949]: ci-info: +++++++++++++++++++Route IPv6 info+++++++++++++++++++
[   14.639319] cloud-init[949]: ci-info: +-------+-------------+---------+-----------+-------+
[   14.642904] cloud-init[949]: ci-info: | Route | Destination | Gateway | Interface | Flags |
[   14.652580] cloud-init[949]: ci-info: +-------+-------------+---------+-----------+-------+
[   14.658229] cloud-init[949]: ci-info: |   0   |  fe80::/64  |    ::   |   enp0s3  |   U   |
[   14.662886] [[0;32m  OK  [0m] Started Initial cloud-init job (metadata service crawler).
[[0;32m  OK  [0m] Reached target System Initialization.
cloud-init[[0;32m  OK  [0m] Started Message of the Day.
[949]: ci-info: |   3   |   ff00::/8  |    ::   |   enp0s3  |   U   |
[   14.672875]          Starting LXD - unix socket.
[[0;32m  OK  [0m] Listening on UUID daemon activation socket.
[[0;32m  OK  [0m] Started Ubuntu Advantage update messaging.
cloud-init[949]: ci-info: +-------+-------------+---------+-----------+-------+
[   14.678905] cloud-init[949]: [[0;32m  OK  [0m] Started ACPI Events Check.
[[0;32m  OK  [0m] Reached target Paths.
[Generating public/private rsa key pair.[0;32m  OK  [0m
] Listening on D-Bus System Message Bus Socket.
[   14.686322] [[0;32m  OK  [0m] Listening on ACPID Listen Socket.
[[0;32m  OK  [0m] Started Daily apt download activities.
[[0;32m  OK  [0m] Started Daily apt upgrade and clean activities.
[[0;32m  OK  [0m] Started Daily Cleanup of Temporary Directories.
cloud-init[949]: Your identification has been saved in /etc/ssh/ssh_host_rsa_key.
[[0;32m  OK  [0m] Reached target Timers.
[   14.693154]          Starting Socket activation for snappy daemon.
[[0;32m  OK  [0m] Reached target Cloud-config availability.
[[0;32m  OK  [0m] Reached target Network is Online.
cloud-init[949]: Your public key has been saved in /etc/ssh/ssh_host_rsa_key.pub.
[   14.698948] cloud-init[949]: The key fingerprint is:
[   14.701214] cloud-init[949]: SHA256:/Ebk632qhTdaNAV3Jb7R81iOmK/eLMZD+S5kMxc43Bw root@ubuntu-xenial
[   14.703051] cloud-init[949]: The key's randomart image is:
[   14.704621] cloud-init[949]: +---[RSA 2048]----+
[   14.705882] cloud-init[949]: |            . o +|
[   14.707253] cloud-init[949]: |             +E+ |
[   14.708491] cloud-init[949]: |          .. ++oo|
[   14.709980] cloud-init[949]: |       . o  +++Bo|
[   14.711397] cloud-init[949]: |        S o =o+.o|         Starting iSCSI initiator daemon (iscsid)...
[[0;32m  OK  [0m] Listening on LXD - unix socket.
[[0;32m  OK  [0m] Listening on Socket activation for snappy daemon.
[[0;32m  OK  [0m] Reached target Sockets.
[[0;32m  OK  [0m] Reached target Basic System.

[   14.718923]          Starting /etc/rc.local Compatibility...
cloud-init[949]: |         o +Bo.  |
[   14.722476] cloud-init[949]: |          ====.  |
[   14.726027]          Starting Accounts Service...
         Starting Login Service...
cloud-init[949]:          Starting LSB: Record successful boot for GRUB...
|         o **=o  |[[0;32m  OK  [0m] Started D-Bus System Message Bus.

[   14.748485] cloud-init[949]: |          ++=B+  |
[   14.750778] cloud-init[949]: +----[SHA256]-----+
[   14.752837] cloud-init[949]: Generating public/private dsa key pair.
[   14.757515] cloud-init[949]: Your identification has been saved in /etc/ssh/ssh_host_dsa_key.
[   14.764500] cloud-init[949]: Your public key has been saved in /etc/ssh/ssh_host_dsa_key.pub.
[   14.767465] cloud-init[949]: The key fingerprint is:
[   14.770139] cloud-init[949]: SHA256:yF67ueiUFjNkXarbKFPG5CH6zFWWh2o3KgbY4gA3PtQ root@ubuntu-xenial
[   14.772484] cloud-init[949]: The key's randomart image is:
[   14.773825] cloud-init[949]: +---[DSA 1024]----+
[   14.775611] cloud-init[949]: |          .      |
[   14.778474] cloud-init[949]: |   .   . =       |
[   14.780460] cloud-init[949]: |. + E = B .      |
[   14.782244] cloud-init[949]: |.* o O B .       |
[   14.783955] cloud-init[949]: |+ *   / S        |
[   14.785801] cloud-init[949]: |o. * * % o       |
[   14.787385] cloud-init[949]: | .  O O o        |
[   14.788627] cloud-init[949]: |   . * . o       |
[   14.790086] cloud-init[949]: |     .o +.       |
[   14.791272] cloud-init[949]: +----[SHA256]-----+
[   14.793517] cloud-init[949]: Generating public/private ecdsa key pair.
[   14.795974] cloud-init[949]: Your identification has been saved in /etc/ssh/ssh_host_ecdsa_key.
[   14.798494] cloud-init[949]: Your public key has been saved in /etc/ssh/ssh_host_ecdsa_key.pub.
[   14.800909] cloud-init[949]: The key fingerprint is:
[   14.802334] cloud-init[949]: SHA256:6snmImadkHDHXhNmOVXcWSHh9jkIUsEZmLfzdfT21d8 root@ubuntu-xenial
[   14.804381] cloud-init[949]: The key's randomart image is:
[   14.806191] cloud-init[949]: +---[ECDSA 256]---+
[   14.808410] cloud-init[949]: |       o.*==o+o. |
[   14.811624] cloud-init[949]: |      * o.=.o.  .|
[   14.813963] cloud-init[949]: |   . o o....o  .o|[[0;32m  OK  [0m] Started Regular background program processing daemon.

         Starting Virtualbox guest utils...
[   14.824360] cloud-init[949]: |. . o o  .oo o..*|
         Starting Pollinate to seed the pseudo random number generator...
[[0;32m  OK  [0m] Started FUSE filesystem for LXC.
[   14.839910] cloud-init[949]: | o + . .S  o..+o=|
[   14.846955] cloud-init[949]: |  o .  .    .  .E|
[   14.847233] cloud-init[949]: |   o ..          |
[   14.848054] cloud-init[949]: |  + +o..         |
[   14.848459] cloud-init[949]: | o . +=          |
         [   14.848783] Starting LXD - container startup/shutdown...cloud-init
[949]: +----[SHA256]-----+
         Starting System Logging Service...
[[0;32m  OK  [0m] Started ACPI event daemon.
[[0;32m  OK  [0m] Started Deferred execution scheduler.
[   14.850023] cloud-init[949]: Generating public/private ed25519 key pair.
[   14.862941] cloud-init         Starting Snap Daemon...
         Starting LSB: MD monitoring daemon...
[949]: Your identification has been saved in /etc/ssh/ssh_host_ed25519_key.
[   14.873800] [[0;32m  OK  [0m] Started /etc/rc.local Compatibility.
cloud-init[949]: Your public key has been saved in /etc/ssh/ssh_host_ed25519_key.pub.
[[0;32m  OK  [0m] Started iSCSI initiator daemon (iscsid).
[[0;32m  OK  [0m] Started Login Service.
[   14.942882] cloud-init[949]: The key fingerprint is:
[   14.946524] cloud-init[949]: SHA256:gK6t7zHKG/avFL4U6OmKs25f3miE2V0bDdASrGZBCMQ root@ubuntu-xenial
[   14.960371] cloud-init[949]: The key's randomart image is:
[   14.960699] cloud-init[949]: +--[ED25519 256]--+
[   14.961940] cloud-init[949]: |oo. o..o+        |
[   14.962965] cloud-init[949]: | E . o o o       |
[[0;32m  OK  [0m] Started Unattended Upgrades Shutdown.[   14.965020] cloud-init[949]: |    . + . o      |
[   14.965558] cloud-init[949]: |   o + . o .     |
[   14.967548] cloud-init[949]: |  . X . S o      |

[   14.976374] cloud-init[949]: | . B = . .       |
         Starting Login to default iSCSI targets...
[   15.020825] cloud-init[949]: |  * O.           |
[   15.028468] cloud-init[949]: |o= Bo=o          |
         Starting Authenticate and Authorize Users to Run Privileged Tasks...
[[0;32m  OK  [0m] Started System Logging Service.
[[0;32m  OK  [0m] Started LSB: Record successful boot for GRUB.
[   15.046620] cloud-init[949]: |*=B=B=..         |
[   15.082212] [[0;32m  OK  [0m] Started Authenticate and Authorize Users to Run Privileged Tasks.
cloud-init[[0;32m  OK  [0m] Started Accounts Service.
[949]: +----[SHA256]-----+
[[0;32m  OK  [0m] Started LSB: MD monitoring daemon.
[[0;32m  OK  [0m] Started Login to default iSCSI targets.
[[0;32m  OK  [0m] Reached target Remote File Systems (Pre).
[[0;32m  OK  [0m] Reached target Remote File Systems.
         Starting Permit User Sessions...
         Starting LSB: automatic crash report generation...
         Starting LSB: Set the CPU Frequency Scaling governor to "ondemand"...
         Starting LSB: daemon to balance interrupts for SMP systems...
[[0;32m  OK  [0m] Started Permit User Sessions.
         Starting Terminate Plymouth Boot Screen...
         Starting Hold until boot process finishes up...
[[0;32m  OK  [0m] Started Hold until boot process finishes up.
[[0;32m  OK  [0m] Started Terminate Plymouth Boot Screen.
[[0;32m  OK  [0m] Started Serial Getty on ttyS0.
         Starting Set console scheme...
[[0;32m  OK  [0m] Started Getty on tty1.
[[0;32m  OK  [0m] Reached target Login Prompts.
[[0;32m  OK  [0m] Started Set console scheme.
[[0;32m  OK  [0m] Started LSB: Set the CPU Frequency Scaling governor to "ondemand".
[[0;32m  OK  [0m] Started LSB: automatic crash report generation.
[[0;32m  OK  [0m] Started Virtualbox guest utils.
[[0;32m  OK  [0m] Started LSB: daemon to balance interrupts for SMP systems.
[[0;32m  OK  [0m] Started LXD - container startup/shutdown.
[[0;32m  OK  [0m] Started Snap Daemon.
         Starting Wait until snapd is fully seeded...
[[0;32m  OK  [0m] Started Pollinate to seed the pseudo random number generator.
         Starting OpenBSD Secure Shell server...
[[0;32m  OK  [0m] Started OpenBSD Secure Shell server.
[[0;32m  OK  [0m] Started Wait until snapd is fully seeded.
         Starting Apply the settings specified in cloud-config...
[[0;32m  OK  [0m] Reached target Multi-User System.
[[0;32m  OK  [0m] Reached target Graphical Interface.
         Starting Update UTMP about System Runlevel Changes...
[[0;32m  OK  [0m] Started Update UTMP about System Runlevel Changes.
[   18.234075] cloud-init[1304]: Generating locales (this might take a while)...
[[0;32m  OK  [0m] Created slice User Slice of vagrant.
         Starting User Manager for UID 1000...
[[0;32m  OK  [0m] Started Session 1 of user vagrant.
[[0;32m  OK  [0m] Started User Manager for UID 1000.
[   19.790909] cloud-init[1304]:   en_US.UTF-8... done
[   19.804825] cloud-init[1304]: Generation complete.
[   20.845826] cloud-init[1304]: Cloud-init v. 21.1-19-gbad84ad4-0ubuntu1~16.04.2 running 'modules:config' at Tue, 18 Oct 2022 09:14:24 +0000. Up 17.97 seconds.

Ubuntu 16.04.7 LTS ubuntu-xenial ttyS0

ubuntu-xenial login: ci-info: no authorized SSH keys fingerprints found for user ubuntu.
<14>Oct 18 09:14:28 ec2: 
<14>Oct 18 09:14:28 ec2: #############################################################
<14>Oct 18 09:14:28 ec2: -----BEGIN SSH HOST KEY FINGERPRINTS-----
<14>Oct 18 09:14:28 ec2: 1024 SHA256:yF67ueiUFjNkXarbKFPG5CH6zFWWh2o3KgbY4gA3PtQ root@ubuntu-xenial (DSA)
<14>Oct 18 09:14:28 ec2: 256 SHA256:6snmImadkHDHXhNmOVXcWSHh9jkIUsEZmLfzdfT21d8 root@ubuntu-xenial (ECDSA)
<14>Oct 18 09:14:28 ec2: 256 SHA256:gK6t7zHKG/avFL4U6OmKs25f3miE2V0bDdASrGZBCMQ root@ubuntu-xenial (ED25519)
<14>Oct 18 09:14:28 ec2: 2048 SHA256:/Ebk632qhTdaNAV3Jb7R81iOmK/eLMZD+S5kMxc43Bw root@ubuntu-xenial (RSA)
<14>Oct 18 09:14:28 ec2: -----END SSH HOST KEY FINGERPRINTS-----
<14>Oct 18 09:14:28 ec2: #############################################################
-----BEGIN SSH HOST KEY KEYS-----
ecdsa-sha2-nistp256 AAAAE2VjZHNhLXNoYTItbmlzdHAyNTYAAAAIbmlzdHAyNTYAAABBBOWP/GWhVqfiwHIdZ+Z1qZqoJnp7u9v5ncQP6BveRnAjX/8EASa6Nv5akMsq6e9HAC28r3U7EWgdavo3E2vyEOw= root@ubuntu-xenial
ssh-ed25519 AAAAC3NzaC1lZDI1NTE5AAAAIJXi1u01rxoerFKfXy592UlIPy78aVjkAmguktSWVII+ root@ubuntu-xenial
ssh-rsa AAAAB3NzaC1yc2EAAAADAQABAAABAQDXC1k8nz3EGKpX3wtWvqd2tWDAO28h0WRT9Fj1pDUBet51jNf8G3rk4/MkFO8zVT/U00RfXVQBA/TEb9FIniJWNZS8bplN5CnYb+Dn5A1PUUcFY/3mu251LyGPfSZLlxda6zGrJ+DmzAT2TwoOWErD3kcksUkM2s8cQLxeLjlIM010hWfcePTPQSkK+u3Mpg/8XyXzZNzqAyk9DXSNVq+uER89xxT5IBye4lgw3YNo7pxBcjBGNOTPtOXixdxJwlwlvU0Hqb6oNXUPVodbZnBixmjHclYAN2pqTsyiKHiKXOVat91Z2xps8dt0kKgAMkH329/GNt7pg1Ew55zZggF7 root@ubuntu-xenial
-----END SSH HOST KEY KEYS-----
[   22.459688] cloud-init[1423]: Cloud-init v. 21.1-19-gbad84ad4-0ubuntu1~16.04.2 running 'modules:final' at Tue, 18 Oct 2022 09:14:28 +0000. Up 22.01 seconds.
[   22.481154] cloud-init[1423]: ci-info: no authorized SSH keys fingerprints found for user ubuntu.
[   22.483072] cloud-init[1423]: Cloud-init v. 21.1-19-gbad84ad4-0ubuntu1~16.04.2 finished at Tue, 18 Oct 2022 09:14:28 +0000. Datasource DataSourceNoCloud [seed=/dev/sdb][dsmode=net].  Up 22.44 seconds
